{"/Users/ssfukim/Desktop/Practice/Javascript/jest_tester/middleware/fizzbuzz.js": {"path":"/Users/ssfukim/Desktop/Practice/Javascript/jest_tester/middleware/fizzbuzz.js","statementMap":{"0":{"start":{"line":1,"column":19},"end":{"line":9,"column":1}},"1":{"start":{"line":2,"column":2},"end":{"line":3,"column":55}},"2":{"start":{"line":3,"column":4},"end":{"line":3,"column":55}},"3":{"start":{"line":5,"column":2},"end":{"line":5,"column":52}},"4":{"start":{"line":5,"column":34},"end":{"line":5,"column":52}},"5":{"start":{"line":6,"column":2},"end":{"line":6,"column":33}},"6":{"start":{"line":6,"column":19},"end":{"line":6,"column":33}},"7":{"start":{"line":7,"column":2},"end":{"line":7,"column":33}},"8":{"start":{"line":7,"column":19},"end":{"line":7,"column":33}},"9":{"start":{"line":8,"column":2},"end":{"line":8,"column":13}},"10":{"start":{"line":11,"column":19},"end":{"line":17,"column":1}},"11":{"start":{"line":12,"column":2},"end":{"line":12,"column":46}},"12":{"start":{"line":12,"column":34},"end":{"line":12,"column":46}},"13":{"start":{"line":13,"column":2},"end":{"line":13,"column":42}},"14":{"start":{"line":13,"column":30},"end":{"line":13,"column":42}},"15":{"start":{"line":14,"column":2},"end":{"line":14,"column":27}},"16":{"start":{"line":14,"column":15},"end":{"line":14,"column":27}},"17":{"start":{"line":16,"column":2},"end":{"line":16,"column":15}},"18":{"start":{"line":19,"column":15},"end":{"line":21,"column":1}},"19":{"start":{"line":20,"column":2},"end":{"line":20,"column":22}},"20":{"start":{"line":23,"column":15},"end":{"line":25,"column":1}},"21":{"start":{"line":24,"column":2},"end":{"line":24,"column":22}},"22":{"start":{"line":27,"column":0},"end":{"line":27,"column":28}}},"fnMap":{"0":{"name":"(anonymous_0)","decl":{"start":{"line":1,"column":19},"end":{"line":1,"column":20}},"loc":{"start":{"line":1,"column":28},"end":{"line":9,"column":1}},"line":1},"1":{"name":"(anonymous_1)","decl":{"start":{"line":11,"column":19},"end":{"line":11,"column":20}},"loc":{"start":{"line":11,"column":28},"end":{"line":17,"column":1}},"line":11},"2":{"name":"(anonymous_2)","decl":{"start":{"line":19,"column":15},"end":{"line":19,"column":16}},"loc":{"start":{"line":19,"column":24},"end":{"line":21,"column":1}},"line":19},"3":{"name":"(anonymous_3)","decl":{"start":{"line":23,"column":15},"end":{"line":23,"column":16}},"loc":{"start":{"line":23,"column":24},"end":{"line":25,"column":1}},"line":23}},"branchMap":{"0":{"loc":{"start":{"line":2,"column":2},"end":{"line":3,"column":55}},"type":"if","locations":[{"start":{"line":2,"column":2},"end":{"line":3,"column":55}},{"start":{"line":2,"column":2},"end":{"line":3,"column":55}}],"line":2},"1":{"loc":{"start":{"line":5,"column":2},"end":{"line":5,"column":52}},"type":"if","locations":[{"start":{"line":5,"column":2},"end":{"line":5,"column":52}},{"start":{"line":5,"column":2},"end":{"line":5,"column":52}}],"line":5},"2":{"loc":{"start":{"line":5,"column":6},"end":{"line":5,"column":32}},"type":"binary-expr","locations":[{"start":{"line":5,"column":6},"end":{"line":5,"column":17}},{"start":{"line":5,"column":21},"end":{"line":5,"column":32}}],"line":5},"3":{"loc":{"start":{"line":6,"column":2},"end":{"line":6,"column":33}},"type":"if","locations":[{"start":{"line":6,"column":2},"end":{"line":6,"column":33}},{"start":{"line":6,"column":2},"end":{"line":6,"column":33}}],"line":6},"4":{"loc":{"start":{"line":7,"column":2},"end":{"line":7,"column":33}},"type":"if","locations":[{"start":{"line":7,"column":2},"end":{"line":7,"column":33}},{"start":{"line":7,"column":2},"end":{"line":7,"column":33}}],"line":7},"5":{"loc":{"start":{"line":12,"column":2},"end":{"line":12,"column":46}},"type":"if","locations":[{"start":{"line":12,"column":2},"end":{"line":12,"column":46}},{"start":{"line":12,"column":2},"end":{"line":12,"column":46}}],"line":12},"6":{"loc":{"start":{"line":13,"column":2},"end":{"line":13,"column":42}},"type":"if","locations":[{"start":{"line":13,"column":2},"end":{"line":13,"column":42}},{"start":{"line":13,"column":2},"end":{"line":13,"column":42}}],"line":13},"7":{"loc":{"start":{"line":14,"column":2},"end":{"line":14,"column":27}},"type":"if","locations":[{"start":{"line":14,"column":2},"end":{"line":14,"column":27}},{"start":{"line":14,"column":2},"end":{"line":14,"column":27}}],"line":14}},"s":{"0":1,"1":7,"2":3,"3":4,"4":1,"5":3,"6":1,"7":2,"8":1,"9":1,"10":1,"11":7,"12":1,"13":6,"14":0,"15":6,"16":2,"17":4,"18":1,"19":7,"20":1,"21":4,"22":1},"f":{"0":7,"1":7,"2":7,"3":4},"b":{"0":[3,4],"1":[1,3],"2":[4,2],"3":[1,2],"4":[1,1],"5":[1,6],"6":[0,6],"7":[2,4]},"_coverageSchema":"1a1c01bbd47fc00a2c39e90264f33305004495a9","hash":"a2929b089ce5593b0ad77e946190710e1477c69b"}
}
