TN:
SF:middleware/fizzbuzz.js
FN:1,(anonymous_0)
FN:11,(anonymous_1)
FN:19,(anonymous_2)
FN:23,(anonymous_3)
FNF:4
FNH:4
FNDA:7,(anonymous_0)
FNDA:7,(anonymous_1)
FNDA:7,(anonymous_2)
FNDA:4,(anonymous_3)
DA:1,1
DA:2,7
DA:3,3
DA:5,4
DA:6,3
DA:7,2
DA:8,1
DA:11,1
DA:12,7
DA:13,6
DA:14,6
DA:16,4
DA:19,1
DA:20,7
DA:23,1
DA:24,4
DA:27,1
LF:17
LH:17
BRDA:2,0,0,3
BRDA:2,0,1,4
BRDA:5,1,0,1
BRDA:5,1,1,3
BRDA:5,2,0,4
BRDA:5,2,1,2
BRDA:6,3,0,1
BRDA:6,3,1,2
BRDA:7,4,0,1
BRDA:7,4,1,1
BRDA:12,5,0,1
BRDA:12,5,1,6
BRDA:13,6,0,0
BRDA:13,6,1,6
BRDA:14,7,0,2
BRDA:14,7,1,4
BRF:16
BRH:15
end_of_record
